[2023-10-26 07:42:50,601] {processor.py:153} INFO - Started process (PID=9657) to work on /home/project/airflow/dags/ETL_toll_data_Bash.py
[2023-10-26 07:42:50,601] {processor.py:641} INFO - Processing file /home/project/airflow/dags/ETL_toll_data_Bash.py for tasks to queue
[2023-10-26 07:42:50,602] {logging_mixin.py:115} INFO - [2023-10-26 07:42:50,602] {dagbag.py:508} INFO - Filling up the DagBag from /home/project/airflow/dags/ETL_toll_data_Bash.py
[2023-10-26 07:42:50,623] {processor.py:651} INFO - DAG(s) dict_keys(['ETL_toll_data']) retrieved from /home/project/airflow/dags/ETL_toll_data_Bash.py
[2023-10-26 07:42:50,723] {logging_mixin.py:115} INFO - [2023-10-26 07:42:50,723] {manager.py:508} INFO - Created Permission View: can delete on DAG:ETL_toll_data
[2023-10-26 07:42:50,732] {logging_mixin.py:115} INFO - [2023-10-26 07:42:50,732] {manager.py:508} INFO - Created Permission View: can read on DAG:ETL_toll_data
[2023-10-26 07:42:50,739] {logging_mixin.py:115} INFO - [2023-10-26 07:42:50,739] {manager.py:508} INFO - Created Permission View: can edit on DAG:ETL_toll_data
[2023-10-26 07:42:50,739] {logging_mixin.py:115} INFO - [2023-10-26 07:42:50,739] {dag.py:2420} INFO - Sync 1 DAGs
[2023-10-26 07:42:50,750] {logging_mixin.py:115} INFO - [2023-10-26 07:42:50,750] {dag.py:2439} INFO - Creating ORM DAG for ETL_toll_data
[2023-10-26 07:42:50,765] {logging_mixin.py:115} INFO - [2023-10-26 07:42:50,765] {dag.py:2972} INFO - Setting next_dagrun for ETL_toll_data to 2023-10-26T00:00:00+00:00, run_after=2023-10-27T00:00:00+00:00
[2023-10-26 07:42:50,778] {processor.py:161} INFO - Processing /home/project/airflow/dags/ETL_toll_data_Bash.py took 0.182 seconds
[2023-10-26 07:43:21,761] {processor.py:153} INFO - Started process (PID=9719) to work on /home/project/airflow/dags/ETL_toll_data_Bash.py
[2023-10-26 07:43:21,762] {processor.py:641} INFO - Processing file /home/project/airflow/dags/ETL_toll_data_Bash.py for tasks to queue
[2023-10-26 07:43:21,762] {logging_mixin.py:115} INFO - [2023-10-26 07:43:21,762] {dagbag.py:508} INFO - Filling up the DagBag from /home/project/airflow/dags/ETL_toll_data_Bash.py
[2023-10-26 07:43:21,779] {processor.py:651} INFO - DAG(s) dict_keys(['ETL_toll_data']) retrieved from /home/project/airflow/dags/ETL_toll_data_Bash.py
[2023-10-26 07:43:21,819] {logging_mixin.py:115} INFO - [2023-10-26 07:43:21,818] {dag.py:2420} INFO - Sync 1 DAGs
[2023-10-26 07:43:21,847] {logging_mixin.py:115} INFO - [2023-10-26 07:43:21,847] {dag.py:2972} INFO - Setting next_dagrun for ETL_toll_data to 2023-10-26T00:00:00+00:00, run_after=2023-10-27T00:00:00+00:00
[2023-10-26 07:43:21,860] {processor.py:161} INFO - Processing /home/project/airflow/dags/ETL_toll_data_Bash.py took 0.104 seconds
[2023-10-26 07:43:52,166] {processor.py:153} INFO - Started process (PID=9781) to work on /home/project/airflow/dags/ETL_toll_data_Bash.py
[2023-10-26 07:43:52,167] {processor.py:641} INFO - Processing file /home/project/airflow/dags/ETL_toll_data_Bash.py for tasks to queue
[2023-10-26 07:43:52,168] {logging_mixin.py:115} INFO - [2023-10-26 07:43:52,168] {dagbag.py:508} INFO - Filling up the DagBag from /home/project/airflow/dags/ETL_toll_data_Bash.py
[2023-10-26 07:43:52,189] {processor.py:651} INFO - DAG(s) dict_keys(['ETL_toll_data']) retrieved from /home/project/airflow/dags/ETL_toll_data_Bash.py
[2023-10-26 07:43:52,263] {logging_mixin.py:115} INFO - [2023-10-26 07:43:52,263] {dag.py:2420} INFO - Sync 1 DAGs
[2023-10-26 07:43:52,305] {logging_mixin.py:115} INFO - [2023-10-26 07:43:52,304] {dag.py:2972} INFO - Setting next_dagrun for ETL_toll_data to 2023-10-26T00:00:00+00:00, run_after=2023-10-27T00:00:00+00:00
[2023-10-26 07:43:52,322] {processor.py:161} INFO - Processing /home/project/airflow/dags/ETL_toll_data_Bash.py took 0.161 seconds
[2023-10-26 07:44:22,969] {processor.py:153} INFO - Started process (PID=9834) to work on /home/project/airflow/dags/ETL_toll_data_Bash.py
[2023-10-26 07:44:22,970] {processor.py:641} INFO - Processing file /home/project/airflow/dags/ETL_toll_data_Bash.py for tasks to queue
[2023-10-26 07:44:22,970] {logging_mixin.py:115} INFO - [2023-10-26 07:44:22,970] {dagbag.py:508} INFO - Filling up the DagBag from /home/project/airflow/dags/ETL_toll_data_Bash.py
[2023-10-26 07:44:22,987] {processor.py:651} INFO - DAG(s) dict_keys(['ETL_toll_data']) retrieved from /home/project/airflow/dags/ETL_toll_data_Bash.py
[2023-10-26 07:44:23,047] {logging_mixin.py:115} INFO - [2023-10-26 07:44:23,047] {dag.py:2420} INFO - Sync 1 DAGs
[2023-10-26 07:44:23,087] {logging_mixin.py:115} INFO - [2023-10-26 07:44:23,087] {dag.py:2972} INFO - Setting next_dagrun for ETL_toll_data to 2023-10-26T00:00:00+00:00, run_after=2023-10-27T00:00:00+00:00
[2023-10-26 07:44:23,101] {processor.py:161} INFO - Processing /home/project/airflow/dags/ETL_toll_data_Bash.py took 0.138 seconds
[2023-10-26 07:44:53,377] {processor.py:153} INFO - Started process (PID=9896) to work on /home/project/airflow/dags/ETL_toll_data_Bash.py
[2023-10-26 07:44:53,382] {processor.py:641} INFO - Processing file /home/project/airflow/dags/ETL_toll_data_Bash.py for tasks to queue
[2023-10-26 07:44:53,383] {logging_mixin.py:115} INFO - [2023-10-26 07:44:53,383] {dagbag.py:508} INFO - Filling up the DagBag from /home/project/airflow/dags/ETL_toll_data_Bash.py
[2023-10-26 07:44:53,403] {processor.py:651} INFO - DAG(s) dict_keys(['ETL_toll_data']) retrieved from /home/project/airflow/dags/ETL_toll_data_Bash.py
[2023-10-26 07:44:53,447] {logging_mixin.py:115} INFO - [2023-10-26 07:44:53,447] {dag.py:2420} INFO - Sync 1 DAGs
[2023-10-26 07:44:53,476] {logging_mixin.py:115} INFO - [2023-10-26 07:44:53,476] {dag.py:2972} INFO - Setting next_dagrun for ETL_toll_data to 2023-10-26T00:00:00+00:00, run_after=2023-10-27T00:00:00+00:00
[2023-10-26 07:44:53,495] {processor.py:161} INFO - Processing /home/project/airflow/dags/ETL_toll_data_Bash.py took 0.123 seconds
[2023-10-26 07:45:23,600] {processor.py:153} INFO - Started process (PID=9949) to work on /home/project/airflow/dags/ETL_toll_data_Bash.py
[2023-10-26 07:45:23,601] {processor.py:641} INFO - Processing file /home/project/airflow/dags/ETL_toll_data_Bash.py for tasks to queue
[2023-10-26 07:45:23,601] {logging_mixin.py:115} INFO - [2023-10-26 07:45:23,601] {dagbag.py:508} INFO - Filling up the DagBag from /home/project/airflow/dags/ETL_toll_data_Bash.py
[2023-10-26 07:45:23,618] {processor.py:651} INFO - DAG(s) dict_keys(['ETL_toll_data']) retrieved from /home/project/airflow/dags/ETL_toll_data_Bash.py
[2023-10-26 07:45:23,664] {logging_mixin.py:115} INFO - [2023-10-26 07:45:23,664] {dag.py:2420} INFO - Sync 1 DAGs
[2023-10-26 07:45:23,708] {logging_mixin.py:115} INFO - [2023-10-26 07:45:23,708] {dag.py:2972} INFO - Setting next_dagrun for ETL_toll_data to 2023-10-26T00:00:00+00:00, run_after=2023-10-27T00:00:00+00:00
[2023-10-26 07:45:23,722] {processor.py:161} INFO - Processing /home/project/airflow/dags/ETL_toll_data_Bash.py took 0.127 seconds
[2023-10-26 07:45:53,954] {processor.py:153} INFO - Started process (PID=10011) to work on /home/project/airflow/dags/ETL_toll_data_Bash.py
[2023-10-26 07:45:53,955] {processor.py:641} INFO - Processing file /home/project/airflow/dags/ETL_toll_data_Bash.py for tasks to queue
[2023-10-26 07:45:53,955] {logging_mixin.py:115} INFO - [2023-10-26 07:45:53,955] {dagbag.py:508} INFO - Filling up the DagBag from /home/project/airflow/dags/ETL_toll_data_Bash.py
[2023-10-26 07:45:53,973] {processor.py:651} INFO - DAG(s) dict_keys(['ETL_toll_data']) retrieved from /home/project/airflow/dags/ETL_toll_data_Bash.py
[2023-10-26 07:45:54,019] {logging_mixin.py:115} INFO - [2023-10-26 07:45:54,019] {dag.py:2420} INFO - Sync 1 DAGs
[2023-10-26 07:45:54,062] {logging_mixin.py:115} INFO - [2023-10-26 07:45:54,062] {dag.py:2972} INFO - Setting next_dagrun for ETL_toll_data to 2023-10-26T00:00:00+00:00, run_after=2023-10-27T00:00:00+00:00
[2023-10-26 07:45:54,085] {processor.py:161} INFO - Processing /home/project/airflow/dags/ETL_toll_data_Bash.py took 0.137 seconds
[2023-10-26 07:46:24,704] {processor.py:153} INFO - Started process (PID=10073) to work on /home/project/airflow/dags/ETL_toll_data_Bash.py
[2023-10-26 07:46:24,705] {processor.py:641} INFO - Processing file /home/project/airflow/dags/ETL_toll_data_Bash.py for tasks to queue
[2023-10-26 07:46:24,705] {logging_mixin.py:115} INFO - [2023-10-26 07:46:24,705] {dagbag.py:508} INFO - Filling up the DagBag from /home/project/airflow/dags/ETL_toll_data_Bash.py
[2023-10-26 07:46:24,721] {processor.py:651} INFO - DAG(s) dict_keys(['ETL_toll_data']) retrieved from /home/project/airflow/dags/ETL_toll_data_Bash.py
[2023-10-26 07:46:24,766] {logging_mixin.py:115} INFO - [2023-10-26 07:46:24,766] {dag.py:2420} INFO - Sync 1 DAGs
[2023-10-26 07:46:24,799] {logging_mixin.py:115} INFO - [2023-10-26 07:46:24,799] {dag.py:2972} INFO - Setting next_dagrun for ETL_toll_data to 2023-10-26T00:00:00+00:00, run_after=2023-10-27T00:00:00+00:00
[2023-10-26 07:46:24,812] {processor.py:161} INFO - Processing /home/project/airflow/dags/ETL_toll_data_Bash.py took 0.114 seconds
[2023-10-26 07:46:55,569] {processor.py:153} INFO - Started process (PID=10127) to work on /home/project/airflow/dags/ETL_toll_data_Bash.py
[2023-10-26 07:46:55,570] {processor.py:641} INFO - Processing file /home/project/airflow/dags/ETL_toll_data_Bash.py for tasks to queue
[2023-10-26 07:46:55,571] {logging_mixin.py:115} INFO - [2023-10-26 07:46:55,571] {dagbag.py:508} INFO - Filling up the DagBag from /home/project/airflow/dags/ETL_toll_data_Bash.py
[2023-10-26 07:46:55,587] {processor.py:651} INFO - DAG(s) dict_keys(['ETL_toll_data']) retrieved from /home/project/airflow/dags/ETL_toll_data_Bash.py
[2023-10-26 07:46:55,634] {logging_mixin.py:115} INFO - [2023-10-26 07:46:55,634] {dag.py:2420} INFO - Sync 1 DAGs
[2023-10-26 07:46:55,663] {logging_mixin.py:115} INFO - [2023-10-26 07:46:55,662] {dag.py:2972} INFO - Setting next_dagrun for ETL_toll_data to 2023-10-26T00:00:00+00:00, run_after=2023-10-27T00:00:00+00:00
[2023-10-26 07:46:55,675] {processor.py:161} INFO - Processing /home/project/airflow/dags/ETL_toll_data_Bash.py took 0.112 seconds
[2023-10-26 07:47:26,288] {processor.py:153} INFO - Started process (PID=10189) to work on /home/project/airflow/dags/ETL_toll_data_Bash.py
[2023-10-26 07:47:26,288] {processor.py:641} INFO - Processing file /home/project/airflow/dags/ETL_toll_data_Bash.py for tasks to queue
[2023-10-26 07:47:26,289] {logging_mixin.py:115} INFO - [2023-10-26 07:47:26,289] {dagbag.py:508} INFO - Filling up the DagBag from /home/project/airflow/dags/ETL_toll_data_Bash.py
[2023-10-26 07:47:26,310] {processor.py:651} INFO - DAG(s) dict_keys(['ETL_toll_data']) retrieved from /home/project/airflow/dags/ETL_toll_data_Bash.py
[2023-10-26 07:47:26,383] {logging_mixin.py:115} INFO - [2023-10-26 07:47:26,383] {dag.py:2420} INFO - Sync 1 DAGs
[2023-10-26 07:47:26,427] {logging_mixin.py:115} INFO - [2023-10-26 07:47:26,427] {dag.py:2972} INFO - Setting next_dagrun for ETL_toll_data to 2023-10-26T00:00:00+00:00, run_after=2023-10-27T00:00:00+00:00
[2023-10-26 07:47:26,462] {processor.py:161} INFO - Processing /home/project/airflow/dags/ETL_toll_data_Bash.py took 0.180 seconds
[2023-10-26 07:47:57,326] {processor.py:153} INFO - Started process (PID=10251) to work on /home/project/airflow/dags/ETL_toll_data_Bash.py
[2023-10-26 07:47:57,327] {processor.py:641} INFO - Processing file /home/project/airflow/dags/ETL_toll_data_Bash.py for tasks to queue
[2023-10-26 07:47:57,328] {logging_mixin.py:115} INFO - [2023-10-26 07:47:57,328] {dagbag.py:508} INFO - Filling up the DagBag from /home/project/airflow/dags/ETL_toll_data_Bash.py
[2023-10-26 07:47:57,344] {processor.py:651} INFO - DAG(s) dict_keys(['ETL_toll_data']) retrieved from /home/project/airflow/dags/ETL_toll_data_Bash.py
[2023-10-26 07:47:57,385] {logging_mixin.py:115} INFO - [2023-10-26 07:47:57,385] {dag.py:2420} INFO - Sync 1 DAGs
[2023-10-26 07:47:57,413] {logging_mixin.py:115} INFO - [2023-10-26 07:47:57,413] {dag.py:2972} INFO - Setting next_dagrun for ETL_toll_data to 2023-10-26T00:00:00+00:00, run_after=2023-10-27T00:00:00+00:00
[2023-10-26 07:47:57,427] {processor.py:161} INFO - Processing /home/project/airflow/dags/ETL_toll_data_Bash.py took 0.106 seconds
[2023-10-26 07:48:27,941] {processor.py:153} INFO - Started process (PID=10305) to work on /home/project/airflow/dags/ETL_toll_data_Bash.py
[2023-10-26 07:48:27,942] {processor.py:641} INFO - Processing file /home/project/airflow/dags/ETL_toll_data_Bash.py for tasks to queue
[2023-10-26 07:48:27,943] {logging_mixin.py:115} INFO - [2023-10-26 07:48:27,943] {dagbag.py:508} INFO - Filling up the DagBag from /home/project/airflow/dags/ETL_toll_data_Bash.py
[2023-10-26 07:48:27,958] {processor.py:651} INFO - DAG(s) dict_keys(['ETL_toll_data']) retrieved from /home/project/airflow/dags/ETL_toll_data_Bash.py
[2023-10-26 07:48:27,998] {logging_mixin.py:115} INFO - [2023-10-26 07:48:27,998] {dag.py:2420} INFO - Sync 1 DAGs
[2023-10-26 07:48:28,028] {logging_mixin.py:115} INFO - [2023-10-26 07:48:28,028] {dag.py:2972} INFO - Setting next_dagrun for ETL_toll_data to 2023-10-26T00:00:00+00:00, run_after=2023-10-27T00:00:00+00:00
[2023-10-26 07:48:28,045] {processor.py:161} INFO - Processing /home/project/airflow/dags/ETL_toll_data_Bash.py took 0.109 seconds
[2023-10-26 07:48:58,706] {processor.py:153} INFO - Started process (PID=10367) to work on /home/project/airflow/dags/ETL_toll_data_Bash.py
[2023-10-26 07:48:58,707] {processor.py:641} INFO - Processing file /home/project/airflow/dags/ETL_toll_data_Bash.py for tasks to queue
[2023-10-26 07:48:58,708] {logging_mixin.py:115} INFO - [2023-10-26 07:48:58,708] {dagbag.py:508} INFO - Filling up the DagBag from /home/project/airflow/dags/ETL_toll_data_Bash.py
[2023-10-26 07:48:58,725] {processor.py:651} INFO - DAG(s) dict_keys(['ETL_toll_data']) retrieved from /home/project/airflow/dags/ETL_toll_data_Bash.py
[2023-10-26 07:48:58,765] {logging_mixin.py:115} INFO - [2023-10-26 07:48:58,765] {dag.py:2420} INFO - Sync 1 DAGs
[2023-10-26 07:48:58,793] {logging_mixin.py:115} INFO - [2023-10-26 07:48:58,793] {dag.py:2972} INFO - Setting next_dagrun for ETL_toll_data to 2023-10-26T00:00:00+00:00, run_after=2023-10-27T00:00:00+00:00
[2023-10-26 07:48:58,805] {processor.py:161} INFO - Processing /home/project/airflow/dags/ETL_toll_data_Bash.py took 0.105 seconds
[2023-10-26 07:49:28,940] {processor.py:153} INFO - Started process (PID=10429) to work on /home/project/airflow/dags/ETL_toll_data_Bash.py
[2023-10-26 07:49:28,941] {processor.py:641} INFO - Processing file /home/project/airflow/dags/ETL_toll_data_Bash.py for tasks to queue
[2023-10-26 07:49:28,941] {logging_mixin.py:115} INFO - [2023-10-26 07:49:28,941] {dagbag.py:508} INFO - Filling up the DagBag from /home/project/airflow/dags/ETL_toll_data_Bash.py
[2023-10-26 07:49:28,957] {processor.py:651} INFO - DAG(s) dict_keys(['ETL_toll_data']) retrieved from /home/project/airflow/dags/ETL_toll_data_Bash.py
[2023-10-26 07:49:28,999] {logging_mixin.py:115} INFO - [2023-10-26 07:49:28,999] {dag.py:2420} INFO - Sync 1 DAGs
[2023-10-26 07:49:29,031] {logging_mixin.py:115} INFO - [2023-10-26 07:49:29,031] {dag.py:2972} INFO - Setting next_dagrun for ETL_toll_data to 2023-10-26T00:00:00+00:00, run_after=2023-10-27T00:00:00+00:00
[2023-10-26 07:49:29,046] {processor.py:161} INFO - Processing /home/project/airflow/dags/ETL_toll_data_Bash.py took 0.112 seconds
[2023-10-26 07:49:59,475] {processor.py:153} INFO - Started process (PID=10482) to work on /home/project/airflow/dags/ETL_toll_data_Bash.py
[2023-10-26 07:49:59,476] {processor.py:641} INFO - Processing file /home/project/airflow/dags/ETL_toll_data_Bash.py for tasks to queue
[2023-10-26 07:49:59,477] {logging_mixin.py:115} INFO - [2023-10-26 07:49:59,477] {dagbag.py:508} INFO - Filling up the DagBag from /home/project/airflow/dags/ETL_toll_data_Bash.py
[2023-10-26 07:49:59,493] {processor.py:651} INFO - DAG(s) dict_keys(['ETL_toll_data']) retrieved from /home/project/airflow/dags/ETL_toll_data_Bash.py
[2023-10-26 07:49:59,536] {logging_mixin.py:115} INFO - [2023-10-26 07:49:59,535] {dag.py:2420} INFO - Sync 1 DAGs
[2023-10-26 07:49:59,570] {logging_mixin.py:115} INFO - [2023-10-26 07:49:59,570] {dag.py:2972} INFO - Setting next_dagrun for ETL_toll_data to 2023-10-26T00:00:00+00:00, run_after=2023-10-27T00:00:00+00:00
[2023-10-26 07:49:59,585] {processor.py:161} INFO - Processing /home/project/airflow/dags/ETL_toll_data_Bash.py took 0.115 seconds
[2023-10-26 07:50:30,207] {processor.py:153} INFO - Started process (PID=10545) to work on /home/project/airflow/dags/ETL_toll_data_Bash.py
[2023-10-26 07:50:30,208] {processor.py:641} INFO - Processing file /home/project/airflow/dags/ETL_toll_data_Bash.py for tasks to queue
[2023-10-26 07:50:30,209] {logging_mixin.py:115} INFO - [2023-10-26 07:50:30,209] {dagbag.py:508} INFO - Filling up the DagBag from /home/project/airflow/dags/ETL_toll_data_Bash.py
[2023-10-26 07:50:30,226] {processor.py:651} INFO - DAG(s) dict_keys(['ETL_toll_data']) retrieved from /home/project/airflow/dags/ETL_toll_data_Bash.py
[2023-10-26 07:50:30,266] {logging_mixin.py:115} INFO - [2023-10-26 07:50:30,266] {dag.py:2420} INFO - Sync 1 DAGs
[2023-10-26 07:50:30,307] {logging_mixin.py:115} INFO - [2023-10-26 07:50:30,306] {dag.py:2972} INFO - Setting next_dagrun for ETL_toll_data to 2023-10-26T00:00:00+00:00, run_after=2023-10-27T00:00:00+00:00
[2023-10-26 07:50:30,328] {processor.py:161} INFO - Processing /home/project/airflow/dags/ETL_toll_data_Bash.py took 0.126 seconds
[2023-10-26 07:51:00,395] {processor.py:153} INFO - Started process (PID=10598) to work on /home/project/airflow/dags/ETL_toll_data_Bash.py
[2023-10-26 07:51:00,396] {processor.py:641} INFO - Processing file /home/project/airflow/dags/ETL_toll_data_Bash.py for tasks to queue
[2023-10-26 07:51:00,397] {logging_mixin.py:115} INFO - [2023-10-26 07:51:00,397] {dagbag.py:508} INFO - Filling up the DagBag from /home/project/airflow/dags/ETL_toll_data_Bash.py
[2023-10-26 07:51:00,413] {processor.py:651} INFO - DAG(s) dict_keys(['ETL_toll_data']) retrieved from /home/project/airflow/dags/ETL_toll_data_Bash.py
[2023-10-26 07:51:00,462] {logging_mixin.py:115} INFO - [2023-10-26 07:51:00,461] {dag.py:2420} INFO - Sync 1 DAGs
[2023-10-26 07:51:00,491] {logging_mixin.py:115} INFO - [2023-10-26 07:51:00,491] {dag.py:2972} INFO - Setting next_dagrun for ETL_toll_data to 2023-10-26T00:00:00+00:00, run_after=2023-10-27T00:00:00+00:00
[2023-10-26 07:51:00,508] {processor.py:161} INFO - Processing /home/project/airflow/dags/ETL_toll_data_Bash.py took 0.119 seconds
[2023-10-26 07:51:30,820] {processor.py:153} INFO - Started process (PID=10660) to work on /home/project/airflow/dags/ETL_toll_data_Bash.py
[2023-10-26 07:51:30,821] {processor.py:641} INFO - Processing file /home/project/airflow/dags/ETL_toll_data_Bash.py for tasks to queue
[2023-10-26 07:51:30,821] {logging_mixin.py:115} INFO - [2023-10-26 07:51:30,821] {dagbag.py:508} INFO - Filling up the DagBag from /home/project/airflow/dags/ETL_toll_data_Bash.py
[2023-10-26 07:51:30,842] {processor.py:651} INFO - DAG(s) dict_keys(['ETL_toll_data']) retrieved from /home/project/airflow/dags/ETL_toll_data_Bash.py
[2023-10-26 07:51:30,906] {logging_mixin.py:115} INFO - [2023-10-26 07:51:30,905] {dag.py:2420} INFO - Sync 1 DAGs
[2023-10-26 07:51:30,952] {logging_mixin.py:115} INFO - [2023-10-26 07:51:30,952] {dag.py:2972} INFO - Setting next_dagrun for ETL_toll_data to 2023-10-26T00:00:00+00:00, run_after=2023-10-27T00:00:00+00:00
[2023-10-26 07:51:30,965] {processor.py:161} INFO - Processing /home/project/airflow/dags/ETL_toll_data_Bash.py took 0.150 seconds
[2023-10-26 07:52:01,806] {processor.py:153} INFO - Started process (PID=10722) to work on /home/project/airflow/dags/ETL_toll_data_Bash.py
[2023-10-26 07:52:01,807] {processor.py:641} INFO - Processing file /home/project/airflow/dags/ETL_toll_data_Bash.py for tasks to queue
[2023-10-26 07:52:01,808] {logging_mixin.py:115} INFO - [2023-10-26 07:52:01,808] {dagbag.py:508} INFO - Filling up the DagBag from /home/project/airflow/dags/ETL_toll_data_Bash.py
[2023-10-26 07:52:01,866] {processor.py:651} INFO - DAG(s) dict_keys(['ETL_toll_data']) retrieved from /home/project/airflow/dags/ETL_toll_data_Bash.py
[2023-10-26 07:52:01,970] {logging_mixin.py:115} INFO - [2023-10-26 07:52:01,970] {dag.py:2420} INFO - Sync 1 DAGs
[2023-10-26 07:52:02,032] {logging_mixin.py:115} INFO - [2023-10-26 07:52:02,032] {dag.py:2972} INFO - Setting next_dagrun for ETL_toll_data to 2023-10-26T00:00:00+00:00, run_after=2023-10-27T00:00:00+00:00
[2023-10-26 07:52:02,065] {processor.py:161} INFO - Processing /home/project/airflow/dags/ETL_toll_data_Bash.py took 0.264 seconds
[2023-10-26 07:52:32,119] {processor.py:153} INFO - Started process (PID=10775) to work on /home/project/airflow/dags/ETL_toll_data_Bash.py
[2023-10-26 07:52:32,120] {processor.py:641} INFO - Processing file /home/project/airflow/dags/ETL_toll_data_Bash.py for tasks to queue
[2023-10-26 07:52:32,121] {logging_mixin.py:115} INFO - [2023-10-26 07:52:32,121] {dagbag.py:508} INFO - Filling up the DagBag from /home/project/airflow/dags/ETL_toll_data_Bash.py
[2023-10-26 07:52:32,137] {processor.py:651} INFO - DAG(s) dict_keys(['ETL_toll_data']) retrieved from /home/project/airflow/dags/ETL_toll_data_Bash.py
[2023-10-26 07:52:32,238] {logging_mixin.py:115} INFO - [2023-10-26 07:52:32,238] {dag.py:2420} INFO - Sync 1 DAGs
[2023-10-26 07:52:32,249] {logging_mixin.py:115} INFO - [2023-10-26 07:52:32,249] {dag.py:2439} INFO - Creating ORM DAG for ETL_toll_data
[2023-10-26 07:52:32,264] {logging_mixin.py:115} INFO - [2023-10-26 07:52:32,264] {dag.py:2972} INFO - Setting next_dagrun for ETL_toll_data to 2023-10-26T00:00:00+00:00, run_after=2023-10-27T00:00:00+00:00
[2023-10-26 07:52:32,279] {processor.py:161} INFO - Processing /home/project/airflow/dags/ETL_toll_data_Bash.py took 0.165 seconds
[2023-10-26 07:53:02,310] {processor.py:153} INFO - Started process (PID=10837) to work on /home/project/airflow/dags/ETL_toll_data_Bash.py
[2023-10-26 07:53:02,311] {processor.py:641} INFO - Processing file /home/project/airflow/dags/ETL_toll_data_Bash.py for tasks to queue
[2023-10-26 07:53:02,311] {logging_mixin.py:115} INFO - [2023-10-26 07:53:02,311] {dagbag.py:508} INFO - Filling up the DagBag from /home/project/airflow/dags/ETL_toll_data_Bash.py
[2023-10-26 07:53:02,327] {processor.py:651} INFO - DAG(s) dict_keys(['ETL_toll_data']) retrieved from /home/project/airflow/dags/ETL_toll_data_Bash.py
[2023-10-26 07:53:02,385] {logging_mixin.py:115} INFO - [2023-10-26 07:53:02,385] {dag.py:2420} INFO - Sync 1 DAGs
[2023-10-26 07:53:02,426] {logging_mixin.py:115} INFO - [2023-10-26 07:53:02,426] {dag.py:2972} INFO - Setting next_dagrun for ETL_toll_data to 2023-10-26T00:00:00+00:00, run_after=2023-10-27T00:00:00+00:00
[2023-10-26 07:53:02,445] {processor.py:161} INFO - Processing /home/project/airflow/dags/ETL_toll_data_Bash.py took 0.140 seconds
[2023-10-26 07:53:32,918] {processor.py:153} INFO - Started process (PID=10890) to work on /home/project/airflow/dags/ETL_toll_data_Bash.py
[2023-10-26 07:53:32,919] {processor.py:641} INFO - Processing file /home/project/airflow/dags/ETL_toll_data_Bash.py for tasks to queue
[2023-10-26 07:53:32,920] {logging_mixin.py:115} INFO - [2023-10-26 07:53:32,920] {dagbag.py:508} INFO - Filling up the DagBag from /home/project/airflow/dags/ETL_toll_data_Bash.py
[2023-10-26 07:53:32,936] {processor.py:651} INFO - DAG(s) dict_keys(['ETL_toll_data']) retrieved from /home/project/airflow/dags/ETL_toll_data_Bash.py
[2023-10-26 07:53:32,978] {logging_mixin.py:115} INFO - [2023-10-26 07:53:32,978] {dag.py:2420} INFO - Sync 1 DAGs
[2023-10-26 07:53:33,008] {logging_mixin.py:115} INFO - [2023-10-26 07:53:33,007] {dag.py:2972} INFO - Setting next_dagrun for ETL_toll_data to 2023-10-26T00:00:00+00:00, run_after=2023-10-27T00:00:00+00:00
[2023-10-26 07:53:33,023] {processor.py:161} INFO - Processing /home/project/airflow/dags/ETL_toll_data_Bash.py took 0.110 seconds
[2023-10-26 07:54:03,788] {processor.py:153} INFO - Started process (PID=10952) to work on /home/project/airflow/dags/ETL_toll_data_Bash.py
[2023-10-26 07:54:03,789] {processor.py:641} INFO - Processing file /home/project/airflow/dags/ETL_toll_data_Bash.py for tasks to queue
[2023-10-26 07:54:03,790] {logging_mixin.py:115} INFO - [2023-10-26 07:54:03,790] {dagbag.py:508} INFO - Filling up the DagBag from /home/project/airflow/dags/ETL_toll_data_Bash.py
[2023-10-26 07:54:03,807] {processor.py:651} INFO - DAG(s) dict_keys(['ETL_toll_data']) retrieved from /home/project/airflow/dags/ETL_toll_data_Bash.py
[2023-10-26 07:54:03,853] {logging_mixin.py:115} INFO - [2023-10-26 07:54:03,853] {dag.py:2420} INFO - Sync 1 DAGs
[2023-10-26 07:54:03,882] {logging_mixin.py:115} INFO - [2023-10-26 07:54:03,882] {dag.py:2972} INFO - Setting next_dagrun for ETL_toll_data to 2023-10-26T00:00:00+00:00, run_after=2023-10-27T00:00:00+00:00
[2023-10-26 07:54:03,895] {processor.py:161} INFO - Processing /home/project/airflow/dags/ETL_toll_data_Bash.py took 0.112 seconds
[2023-10-26 07:54:34,450] {processor.py:153} INFO - Started process (PID=11014) to work on /home/project/airflow/dags/ETL_toll_data_Bash.py
[2023-10-26 07:54:34,451] {processor.py:641} INFO - Processing file /home/project/airflow/dags/ETL_toll_data_Bash.py for tasks to queue
[2023-10-26 07:54:34,452] {logging_mixin.py:115} INFO - [2023-10-26 07:54:34,452] {dagbag.py:508} INFO - Filling up the DagBag from /home/project/airflow/dags/ETL_toll_data_Bash.py
[2023-10-26 07:54:34,468] {processor.py:651} INFO - DAG(s) dict_keys(['ETL_toll_data']) retrieved from /home/project/airflow/dags/ETL_toll_data_Bash.py
[2023-10-26 07:54:34,518] {logging_mixin.py:115} INFO - [2023-10-26 07:54:34,518] {dag.py:2420} INFO - Sync 1 DAGs
[2023-10-26 07:54:34,550] {logging_mixin.py:115} INFO - [2023-10-26 07:54:34,549] {dag.py:2972} INFO - Setting next_dagrun for ETL_toll_data to 2023-10-26T00:00:00+00:00, run_after=2023-10-27T00:00:00+00:00
[2023-10-26 07:54:34,564] {processor.py:161} INFO - Processing /home/project/airflow/dags/ETL_toll_data_Bash.py took 0.119 seconds
[2023-10-26 07:55:05,291] {processor.py:153} INFO - Started process (PID=11067) to work on /home/project/airflow/dags/ETL_toll_data_Bash.py
[2023-10-26 07:55:05,292] {processor.py:641} INFO - Processing file /home/project/airflow/dags/ETL_toll_data_Bash.py for tasks to queue
[2023-10-26 07:55:05,292] {logging_mixin.py:115} INFO - [2023-10-26 07:55:05,292] {dagbag.py:508} INFO - Filling up the DagBag from /home/project/airflow/dags/ETL_toll_data_Bash.py
[2023-10-26 07:55:05,309] {processor.py:651} INFO - DAG(s) dict_keys(['ETL_toll_data']) retrieved from /home/project/airflow/dags/ETL_toll_data_Bash.py
[2023-10-26 07:55:05,353] {logging_mixin.py:115} INFO - [2023-10-26 07:55:05,352] {dag.py:2420} INFO - Sync 1 DAGs
[2023-10-26 07:55:05,388] {logging_mixin.py:115} INFO - [2023-10-26 07:55:05,388] {dag.py:2972} INFO - Setting next_dagrun for ETL_toll_data to 2023-10-26T00:00:00+00:00, run_after=2023-10-27T00:00:00+00:00
[2023-10-26 07:55:05,405] {processor.py:161} INFO - Processing /home/project/airflow/dags/ETL_toll_data_Bash.py took 0.120 seconds
